
> finance-dashboard-backend@1.0.0 dev
> tsx watch src/index.ts


🚀 Finance Dashboard API running at http://0.0.0.0:3001
📚 API Documentation: http://localhost:3001/api/health

[12:52:43 UTC] INFO: Server listening at http://0.0.0.0:3001
[12:52:48 UTC] INFO: incoming request
    reqId: "req-1"
    req: {
      "method": "GET",
      "url": "/api/health",
      "hostname": "localhost:3001",
      "remoteAddress": "127.0.0.1",
      "remotePort": 49205
    }
[12:52:48 UTC] INFO: request completed
    reqId: "req-1"
    res: {
      "statusCode": 200
    }
    responseTime: 3.5157920122146606
prisma:query SELECT `main`.`users`.`id`, `main`.`users`.`email`, `main`.`users`.`password`, `main`.`users`.`name`, `main`.`users`.`role`, `main`.`users`.`status`, `main`.`users`.`createdAt`, `main`.`users`.`updatedAt`, `main`.`users`.`refreshToken` FROM `main`.`users` WHERE (`main`.`users`.`email` = ? AND 1=1) LIMIT ? OFFSET ?
prisma:query UPDATE `main`.`users` SET `refreshToken` = ?, `updatedAt` = ? WHERE (`main`.`users`.`id` = ? AND 1=1) RETURNING `id` AS `id`, `email` AS `email`, `password` AS `password`, `name` AS `name`, `role` AS `role`, `status` AS `status`, `createdAt` AS `createdAt`, `updatedAt` AS `updatedAt`, `refreshToken` AS `refreshToken`
[12:53:02 UTC] INFO: incoming request
    reqId: "req-2"
    req: {
      "method": "POST",
      "url": "/api/auth/login",
      "hostname": "localhost:3001",
      "remoteAddress": "127.0.0.1",
      "remotePort": 49217
    }
[12:53:02 UTC] INFO: request completed
    reqId: "req-2"
    res: {
      "statusCode": 200
    }
    responseTime: 40.728833973407745
